<?xml version="1.0" encoding="UTF-8"?>
<!-- Generated by org.testng.reporters.JUnitReportReporter -->
<testsuite skipped="0" hostname="pc10672" name="testcase.TC001" tests="1" failures="0" timestamp="24 Oct 2019 06:43:30 GMT" time="15.394" errors="0">
  <testcase name="login" time="15.394" classname="testcase.TC001"/>
</testsuite> <!-- testcase.TC001 -->
